pager recieved message, sending to channel: asdf
pager recieved message, sending to channel: saf
pager recieved message, sending to channel: hello 
pager recieved message, sending to channel: hello world
pager recieved message, sending to channel: hello world
pager recieved message, sending to channel: Now this is poggers
pager recieved message, sending to channel: this is epoc
pager recieved message, sending to channel: check this out
pager recieved message, sending to channel: hello world
pager recieved message, sending to channel: asdf
pager recieved message, sending to channel: sadf
pager recieved message, sending to channel: asdf
pager recieved message, sending to channel: sadf
pager recieved message, sending to channel: sadf
pager recieved message, sending to channel: sadf
pager recieved message, sending to channel: sadf
pager recieved message, sending to channel: asdf
pager recieved message, sending to channel: sadf
pager recieved message, sending to channel: asdf
pager recieved message, sending to channel: sadf
pager recieved message, sending to channel: sadf
pager recieved message, sending to channel: sadf
pager recieved message, sending to channel: asdf
pager recieved message, sending to channel: asdf
pager recieved message, sending to channel: asdf
pager recieved message, sending to channel: asdf
pager recieved message, sending to channel: asdf
pager recieved message, sending to channel: asdf
pager recieved message, sending to channel: asdf
pager recieved message, sending to channel: asdf
pager recieved message, sending to channel: asdf
pager recieved message, sending to channel: sadf
pager recieved message, sending to channel: asdf
pager recieved message, sending to channel: asd
pager recieved message, sending to channel: fasdf
pager recieved message, sending to channel: sdaf
pager recieved message, sending to channel: asdf
pager recieved message, sending to channel: asdf
pager recieved message, sending to channel: asd
pager recieved message, sending to channel: fas
pager recieved message, sending to channel: fdasd
pager recieved message, sending to channel: fasdf
pager recieved message, sending to channel: asdf
pager recieved message, sending to channel: asd
pager recieved message, sending to channel: fsad
pager recieved message, sending to channel: fsadf
pager recieved message, sending to channel: asdf
pager recieved message, sending to channel: asd
pager recieved message, sending to channel: fasdf
pager recieved message, sending to channel: asdf
pager recieved message, sending to channel: asdf
pager recieved message, sending to channel: asdf
pager recieved message, sending to channel: asdf
pager recieved message, sending to channel: asd
pager recieved message, sending to channel: fsad
pager recieved message, sending to channel: f
pager recieved message, sending to channel: j
